<?xml version="1.0" encoding="UTF-8"?>
<testng-results skipped="0" failed="0" total="1" passed="1">
  <reporter-output>
  </reporter-output>
  <suite name="Default suite" duration-ms="34202" started-at="2022-08-08T09:36:33Z" finished-at="2022-08-08T09:37:07Z">
    <groups>
    </groups>
    <test name="Default test" duration-ms="34202" started-at="2022-08-08T09:36:33Z" finished-at="2022-08-08T09:37:07Z">
      <class name="com.selenium.masterpart1.FindBrokenLink">
        <test-method status="PASS" signature="ImplicitWaitTest()[pri:0, instance:com.selenium.masterpart1.FindBrokenLink@21a06946]" name="ImplicitWaitTest" duration-ms="34168" started-at="2022-08-08T15:06:33Z" finished-at="2022-08-08T15:07:07Z">
          <reporter-output>
          </reporter-output>
        </test-method> <!-- ImplicitWaitTest -->
      </class> <!-- com.selenium.masterpart1.FindBrokenLink -->
    </test> <!-- Default test -->
  </suite> <!-- Default suite -->
</testng-results>
